/home/nmiller/yt-x86_64/lib/python2.7/site-packages/matplotlib-1.3.0-py2.7-linux-x86_64.egg/matplotlib/__init__.py:1141: UserWarning:  This call to matplotlib.use() has no effect
because the the backend has already been chosen;
matplotlib.use() must be called *before* pylab, matplotlib.pyplot,
or matplotlib.backends is imported for the first time.

  warnings.warn(_use_error_msg)
yt : [WARNING  ] 2014-07-25 08:50:08,605 RAMSES frontend assumes all simulations are cosmological!
yt : [INFO     ] 2014-07-25 08:50:08,638 Parameters: current_time              = -1.25001028048e+17
yt : [INFO     ] 2014-07-25 08:50:08,638 Parameters: domain_dimensions         = [128 128 128]
yt : [INFO     ] 2014-07-25 08:50:08,639 Parameters: domain_left_edge          = [ 0.  0.  0.]
yt : [INFO     ] 2014-07-25 08:50:08,639 Parameters: domain_right_edge         = [ 1.  1.  1.]
yt : [INFO     ] 2014-07-25 08:50:08,640 Parameters: cosmological_simulation   = 1
yt : [INFO     ] 2014-07-25 08:50:08,640 Parameters: current_redshift          = 0.999896734946
yt : [INFO     ] 2014-07-25 08:50:08,640 Parameters: omega_lambda              = 0.721000015736
yt : [INFO     ] 2014-07-25 08:50:08,640 Parameters: omega_matter              = 0.279000014067
yt : [INFO     ] 2014-07-25 08:50:08,640 Parameters: hubble_constant           = 0.7
yt : [INFO     ] 2014-07-25 08:51:50,498 Loading field plugins.
yt : [INFO     ] 2014-07-25 08:51:50,498 Loaded angular_momentum (8 new fields)
yt : [INFO     ] 2014-07-25 08:51:50,498 Loaded astro (14 new fields)
yt : [INFO     ] 2014-07-25 08:51:50,499 Loaded cosmology (20 new fields)
yt : [INFO     ] 2014-07-25 08:51:50,499 Loaded fluid (54 new fields)
yt : [INFO     ] 2014-07-25 08:51:50,500 Loaded fluid_vector (86 new fields)
yt : [INFO     ] 2014-07-25 08:51:50,500 Loaded geometric (101 new fields)
yt : [INFO     ] 2014-07-25 08:51:50,500 Loaded local (101 new fields)
yt : [INFO     ] 2014-07-25 08:51:50,500 Loaded magnetic_field (107 new fields)
yt : [INFO     ] 2014-07-25 08:51:50,501 Loaded species (107 new fields)
loaded
in loop
13704
0
1
2
3
4
5
6
7
8
9
10
11
12
13
14
15
16
17
18
19
20
21
22
23
24
25
26
27
28
29
30
31
32
33
34
35
36
37
38
39
40
41
42
43
44
45
46
47
48
49
50
51
52
53
54
55
56
57
58
59
60
61
62
63
64
65
66
67
68
69
70
71
72
73
74
75
76
77
78
79
80
81
82
83
84
85
86
87
88
89
90
91
92
93
94
95
96
97
98
99
100
101
102
103
104
105
106
107
108
109
110
111
112
113
114
115
116
117
118
119
120
121
122
123
124
125
126
127
128
129
130
131
132
133
134
135
136
137
138
139
140
141
142
143
144
145
146
147
148
149
150
151
152
153
154
155
156
157
158
159
160
161
162
163
164
165
166
167
168
169
170
171
172
173
174
175
176
177
178
179
180
181
182
183
184
185
186
187
188
189
190
191
192
193
194
195
196
197
198
199
200
201
202
203
204
205
206
207
208
209
210
211
212
213
214
215
216
217
218
219
220
221
222
223
224
225
226
227
228
229
230
231
232
233
234
235
236
237
238
239
240
241
242
243
244
245
246
247
248
249
250
251
252
253
254
255
256
257
258
259
260
261
262
263
264
265
266
267
268
269
270
271
272
273
274
275
276
277
278
279
280
281
282
283
284
285
286
287
288
289
290
291
292
293
294
295
296
297
298
299
300
301
302
303
304
305
306
307
308
309
310
311
312
313
314
315
316
317
318
319
320
321
322
323
324
325
326
327
328
329
330
331
332
333
334
335
336
337
338
339
340
341
342
343
344
345
346
347
348
349
350
351
352
353
354
355
356
357
358
359
360
361
362
363
364
365
366
367
368
369
370
371
372
373
374
375
376
377
378
379
380
381
382
383
384
385
386
387
388
389
390
391
392
393
394
395
396
397
398
399
400
401
402
403
404
405
406
407
408
409
410
411
412
413
414
415
416
417
418
419
420
421
422
423
424
425
426
427
428
429
430
431
432
433
434
435
436
437
438
439
440
441
442
443
444
445
446
447
448
449
450
451
452
453
454
455
456
457
458
459
460
461
462
463
464
465
466
467
468
469
470
471
472
473
474
475
476
477
478
479
480
481
482
483
484
485
486
487
488
489
490
491
492
493
494
495
496
497
498
499
500
501
502
503
504
505
506
507
508
509
510
511
512
513
514
515
516
517
518
519
520
521
522
523
524
525
526
527
528
529
530
531
532
533
534
535
536
537
538
539
540
541
542
543
544
545
546
547
548
549
550
551
552
553
554
555
556
557
558
559
560
561
562
563
564
565
566
567
568
569
570
571
572
573
574
575
576
577
578
579
580
581
582
583
584
585
586
587
588
589
590
591
592
593
594
595
596
597
598
599
600
601
602
603
604
605
606
607
608
609
610
611
612
613
614
615
616
617
618
619
620
621
622
623
624
625
626
627
628
629
630
631
632
633
634
635
636
637
638
639
640
641
642
643
644
645
Traceback (most recent call last):
  File "plot_ramses.py", line 16, in <module>
    main()
  File "plot_ramses.py", line 8, in main
    a=mf.mstar_mhalo('ramses',1.0,halos='all')
  File "/home/nmiller/THE/yt_lib_opt/mass_functions.py", line 51, in mstar_mhalo
    stars=s.find_stars(sp)
  File "/home/nmiller/THE/yt_lib_opt/star.py", line 24, in find_stars
    stars=star_prop(dd)
  File "/home/nmiller/THE/yt_lib_opt/star.py", line 12, in star_prop
    pm = dd[('io', 'particle_mass')]
  File "/home/nmiller/yt-x86_64/src/yt-hg/yt/data_objects/data_containers.py", line 220, in __getitem__
    self.get_data(f)
  File "/home/nmiller/yt-x86_64/src/yt-hg/yt/data_objects/data_containers.py", line 629, in get_data
    particles, self, self._current_chunk)
  File "/home/nmiller/yt-x86_64/src/yt-hg/yt/geometry/geometry_handler.py", line 233, in _read_particle_fields
    fields_to_read)
  File "/home/nmiller/yt-x86_64/src/yt-hg/yt/utilities/io_handler.py", line 176, in _read_particle_selection
    rv[field_f][my_ind:my_ind + vals.shape[0],...] = vals
ValueError: could not broadcast input array from shape (3950) into shape (1)
  File "plot_ramses.py", line 15
    for i in xrange(0,len(b)):
      ^
SyntaxError: invalid syntax
  File "plot_ramses.py", line 17
    _file.close()
        ^
SyntaxError: invalid syntax
/home/nmiller/yt-x86_64/lib/python2.7/site-packages/matplotlib-1.3.0-py2.7-linux-x86_64.egg/matplotlib/__init__.py:1141: UserWarning:  This call to matplotlib.use() has no effect
because the the backend has already been chosen;
matplotlib.use() must be called *before* pylab, matplotlib.pyplot,
or matplotlib.backends is imported for the first time.

  warnings.warn(_use_error_msg)
yt : [WARNING  ] 2014-07-26 08:53:46,791 RAMSES frontend assumes all simulations are cosmological!
yt : [INFO     ] 2014-07-26 08:53:46,840 Parameters: current_time              = -1.25001028048e+17
yt : [INFO     ] 2014-07-26 08:53:46,840 Parameters: domain_dimensions         = [128 128 128]
yt : [INFO     ] 2014-07-26 08:53:46,840 Parameters: domain_left_edge          = [ 0.  0.  0.]
yt : [INFO     ] 2014-07-26 08:53:46,841 Parameters: domain_right_edge         = [ 1.  1.  1.]
yt : [INFO     ] 2014-07-26 08:53:46,841 Parameters: cosmological_simulation   = 1
yt : [INFO     ] 2014-07-26 08:53:46,841 Parameters: current_redshift          = 0.999896734946
yt : [INFO     ] 2014-07-26 08:53:46,842 Parameters: omega_lambda              = 0.721000015736
yt : [INFO     ] 2014-07-26 08:53:46,842 Parameters: omega_matter              = 0.279000014067
yt : [INFO     ] 2014-07-26 08:53:46,842 Parameters: hubble_constant           = 0.7
yt : [INFO     ] 2014-07-26 08:56:44,965 Loading field plugins.
yt : [INFO     ] 2014-07-26 08:56:44,965 Loaded angular_momentum (8 new fields)
yt : [INFO     ] 2014-07-26 08:56:44,966 Loaded astro (14 new fields)
yt : [INFO     ] 2014-07-26 08:56:44,966 Loaded cosmology (20 new fields)
yt : [INFO     ] 2014-07-26 08:56:44,967 Loaded fluid (54 new fields)
yt : [INFO     ] 2014-07-26 08:56:44,967 Loaded fluid_vector (86 new fields)
yt : [INFO     ] 2014-07-26 08:56:44,968 Loaded geometric (101 new fields)
yt : [INFO     ] 2014-07-26 08:56:44,968 Loaded local (101 new fields)
yt : [INFO     ] 2014-07-26 08:56:44,968 Loaded magnetic_field (107 new fields)
yt : [INFO     ] 2014-07-26 08:56:44,968 Loaded species (107 new fields)
loaded
0
1
2
3
4
5
6
7
8
9
10
11
12
13
14
15
16
17
18
19
20
21
22
23
24
25
26
27
28
29
30
31
32
33
34
35
36
37
38
39
40
41
42
43
44
45
46
47
48
49
50
51
52
53
54
55
56
57
58
59
60
61
62
63
64
65
66
67
68
69
70
71
72
73
74
75
76
77
78
79
80
81
82
83
84
85
86
87
88
89
90
91
92
93
94
95
96
97
98
99
100
101
102
103
104
105
106
107
108
109
110
111
112
113
114
115
116
117
118
119
120
121
122
123
124
125
126
127
128
129
130
131
132
133
134
135
136
137
138
139
140
141
142
143
144
145
146
147
148
149
150
151
152
153
154
155
156
157
158
159
160
161
162
163
164
165
166
167
168
169
170
171
172
173
174
175
176
177
178
179
180
181
182
183
184
185
186
187
188
189
190
191
192
193
194
195
196
197
198
199
200
201
202
203
204
205
206
207
208
209
210
211
212
213
214
215
216
217
218
219
220
221
222
223
224
225
226
227
228
229
230
231
232
233
234
235
236
237
238
239
240
241
242
243
244
245
246
247
248
249
250
251
252
253
254
255
256
257
258
259
260
261
262
263
264
265
266
267
268
269
270
271
272
273
274
275
276
277
278
279
280
281
282
283
284
285
286
287
288
289
290
291
292
293
294
295
296
297
298
299
300
301
302
303
304
305
306
307
308
309
310
311
312
313
314
315
316
317
318
319
320
321
322
323
324
325
326
327
328
329
330
331
332
333
334
335
336
337
338
339
340
341
342
343
344
345
346
347
348
349
350
351
352
353
354
355
356
357
358
359
360
361
362
363
364
365
366
367
368
369
370
371
372
373
374
375
376
377
378
379
380
381
382
383
384
385
386
387
388
389
390
391
392
393
394
395
396
397
398
399
400
401
402
403
404
405
406
407
408
409
410
411
412
413
414
415
416
417
418
419
420
421
422
423
424
425
426
427
428
429
430
431
432
433
434
435
436
437
438
439
440
441
442
443
444
445
446
447
448
449
450
451
452
453
454
455
456
457
458
459
460
461
462
463
464
465
466
467
468
469
470
471
472
473
474
475
476
477
478
479
480
481
482
483
484
485
486
487
488
489
490
491
492
493
494
495
496
497
498
499
500
501
502
503
504
505
506
507
508
509
510
511
512
513
514
515
516
517
518
519
520
521
522
523
524
525
526
527
528
529
530
531
532
533
534
535
536
537
538
539
540
541
542
543
544
545
546
547
548
549
550
551
552
553
554
555
556
557
558
559
560
561
562
563
564
565
566
567
568
569
570
571
572
573
574
575
576
577
578
579
580
581
582
583
584
585
586
587
588
589
590
591
592
593
594
595
596
597
598
599
600
601
602
603
604
605
606
607
608
609
610
611
612
613
614
615
616
617
618
619
620
621
622
623
624
625
626
627
628
629
630
631
632
633
634
635
636
637
638
639
640
641
642
643
644
loaded
646
647
648
649
650
651
652
653
654
655
656
657
658
659
660
661
662
663
664
665
666
667
668
669
670
671
672
673
674
675
676
677
678
679
680
681
682
683
684
685
Traceback (most recent call last):
  File "plot_ramses.py", line 19, in <module>
    main()
  File "plot_ramses.py", line 14, in main
    b=mf.mstar_mhalo('ramses',1.0,halos=[646,13000])
  File "/home/nmiller/THE/yt_lib_opt/mass_functions.py", line 69, in mstar_mhalo
    stars=s.find_stars(sp)
  File "/home/nmiller/THE/yt_lib_opt/star.py", line 24, in find_stars
    stars=star_prop(dd)
  File "/home/nmiller/THE/yt_lib_opt/star.py", line 12, in star_prop
    pm = dd[('io', 'particle_mass')]
  File "/home/nmiller/yt-x86_64/src/yt-hg/yt/data_objects/data_containers.py", line 220, in __getitem__
    self.get_data(f)
  File "/home/nmiller/yt-x86_64/src/yt-hg/yt/data_objects/data_containers.py", line 629, in get_data
    particles, self, self._current_chunk)
  File "/home/nmiller/yt-x86_64/src/yt-hg/yt/geometry/geometry_handler.py", line 233, in _read_particle_fields
    fields_to_read)
  File "/home/nmiller/yt-x86_64/src/yt-hg/yt/utilities/io_handler.py", line 176, in _read_particle_selection
    rv[field_f][my_ind:my_ind + vals.shape[0],...] = vals
ValueError: could not broadcast input array from shape (20686) into shape (1)
  File "plot_ramses.py", line 10
    exception ValuError:
            ^
SyntaxError: invalid syntax
/home/nmiller/yt-x86_64/lib/python2.7/site-packages/matplotlib-1.3.0-py2.7-linux-x86_64.egg/matplotlib/__init__.py:1141: UserWarning:  This call to matplotlib.use() has no effect
because the the backend has already been chosen;
matplotlib.use() must be called *before* pylab, matplotlib.pyplot,
or matplotlib.backends is imported for the first time.

  warnings.warn(_use_error_msg)
yt : [WARNING  ] 2014-07-28 14:41:32,434 RAMSES frontend assumes all simulations are cosmological!
yt : [INFO     ] 2014-07-28 14:41:32,468 Parameters: current_time              = -1.25001028048e+17
yt : [INFO     ] 2014-07-28 14:41:32,468 Parameters: domain_dimensions         = [128 128 128]
yt : [INFO     ] 2014-07-28 14:41:32,469 Parameters: domain_left_edge          = [ 0.  0.  0.]
yt : [INFO     ] 2014-07-28 14:41:32,469 Parameters: domain_right_edge         = [ 1.  1.  1.]
yt : [INFO     ] 2014-07-28 14:41:32,470 Parameters: cosmological_simulation   = 1
yt : [INFO     ] 2014-07-28 14:41:32,470 Parameters: current_redshift          = 0.999896734946
yt : [INFO     ] 2014-07-28 14:41:32,470 Parameters: omega_lambda              = 0.721000015736
yt : [INFO     ] 2014-07-28 14:41:32,470 Parameters: omega_matter              = 0.279000014067
yt : [INFO     ] 2014-07-28 14:41:32,470 Parameters: hubble_constant           = 0.7
yt : [INFO     ] 2014-07-28 14:43:30,998 Loading field plugins.
yt : [INFO     ] 2014-07-28 14:43:30,999 Loaded angular_momentum (8 new fields)
yt : [INFO     ] 2014-07-28 14:43:30,999 Loaded astro (14 new fields)
yt : [INFO     ] 2014-07-28 14:43:30,999 Loaded cosmology (20 new fields)
yt : [INFO     ] 2014-07-28 14:43:31,000 Loaded fluid (54 new fields)
yt : [INFO     ] 2014-07-28 14:43:31,000 Loaded fluid_vector (86 new fields)
yt : [INFO     ] 2014-07-28 14:43:31,001 Loaded geometric (101 new fields)
yt : [INFO     ] 2014-07-28 14:43:31,001 Loaded local (101 new fields)
yt : [INFO     ] 2014-07-28 14:43:31,001 Loaded magnetic_field (107 new fields)
yt : [INFO     ] 2014-07-28 14:43:31,001 Loaded species (107 new fields)
loaded
0
1
2
3
4
5
6
7
8
9
10
11
12
13
14
15
16
17
18
19
20
21
22
23
24
25
26
27
28
29
30
31
32
33
34
35
36
37
38
39
40
41
42
43
44
45
46
47
48
49
50
51
52
53
54
55
56
57
58
59
60
61
62
63
64
65
66
67
68
69
70
71
72
73
74
75
76
77
78
79
80
81
82
83
84
85
86
87
88
89
90
91
92
93
94
95
96
97
98
99
100
101
102
103
104
105
106
107
108
109
110
111
112
113
114
115
116
117
118
119
120
121
122
123
124
125
126
127
128
129
130
131
132
133
134
135
136
137
138
139
140
141
142
143
144
145
146
147
148
149
150
151
152
153
154
155
156
157
158
159
160
161
162
163
164
165
166
167
168
169
170
171
172
173
174
175
176
177
178
179
180
181
182
183
184
185
186
187
188
189
190
191
192
193
194
195
196
197
198
199
200
201
202
203
204
205
206
207
208
209
210
211
212
213
214
215
216
217
218
219
220
221
222
223
224
225
226
227
228
229
230
231
232
233
234
235
236
237
238
239
240
241
242
243
244
245
246
247
248
249
250
251
252
253
254
255
256
257
258
259
260
261
262
263
264
265
266
267
268
269
270
271
272
273
274
275
276
277
278
279
280
281
282
283
284
285
286
287
288
289
290
291
292
293
294
295
296
297
298
299
300
301
302
303
304
305
306
307
308
309
310
311
312
313
314
315
316
317
318
319
320
321
322
323
324
325
326
327
328
329
330
331
332
333
334
335
336
337
338
339
340
341
342
343
344
345
346
347
348
349
350
351
352
353
354
355
356
357
358
359
360
361
362
363
364
365
366
367
368
369
370
371
372
373
374
375
376
377
378
379
380
381
382
383
384
385
386
387
388
389
390
391
392
393
394
395
396
397
398
399
400
401
402
403
404
405
406
407
408
409
410
411
412
413
414
415
416
417
418
419
420
421
422
423
424
425
426
427
428
429
430
431
432
433
434
435
436
437
438
439
440
441
442
443
444
445
446
447
448
449
450
451
452
453
454
455
456
457
458
459
460
461
462
463
464
465
466
467
468
469
470
471
472
473
474
475
476
477
478
479
480
481
482
483
484
485
486
487
488
489
490
491
492
493
494
495
496
497
498
499
500
501
502
503
504
505
506
507
508
509
510
511
512
513
514
515
516
517
518
519
520
521
522
523
524
525
526
527
528
529
530
531
532
533
534
535
536
537
538
539
540
541
542
543
544
545
546
547
548
549
550
551
552
553
554
555
556
557
558
559
560
561
562
563
564
565
566
567
568
569
570
571
572
573
574
575
576
577
578
579
580
581
582
583
584
585
586
587
588
589
590
591
592
593
594
595
596
597
598
599
600
601
602
603
604
605
606
607
608
609
610
611
612
613
614
615
616
617
618
619
620
621
622
623
624
625
626
627
628
629
630
631
632
633
634
635
636
637
638
639
640
641
642
643
Traceback (most recent call last):
  File "plot_ramses.py", line 19, in <module>
    main()
  File "plot_ramses.py", line 9, in main
    b=mf.mstar_mhalo('ranses',1.0,halos=[646,684])
  File "/home/nmiller/THE/yt_lib_opt/mass_functions.py", line 34, in mstar_mhalo
    ds = ld.load_data(code, redshift)
  File "/home/nmiller/THE/yt_lib_opt/load_dataset.py", line 18, in load_data
    file_name=get_snapshot_name(code=code,z=redshift)
  File "/home/nmiller/THE/yt_lib_opt/get_snapshot_name.py", line 50, in get_snapshot_name
    code_dir,file_wild=RyanMW_wildcard_files(code)
  File "/home/nmiller/THE/yt_lib_opt/get_snapshot_name.py", line 30, in RyanMW_wildcard_files
    return(code_dir,file_wild)
UnboundLocalError: local variable 'code_dir' referenced before assignment
/home/nmiller/yt-x86_64/lib/python2.7/site-packages/matplotlib-1.3.0-py2.7-linux-x86_64.egg/matplotlib/__init__.py:1141: UserWarning:  This call to matplotlib.use() has no effect
because the the backend has already been chosen;
matplotlib.use() must be called *before* pylab, matplotlib.pyplot,
or matplotlib.backends is imported for the first time.

  warnings.warn(_use_error_msg)
yt : [WARNING  ] 2014-07-28 14:57:51,302 RAMSES frontend assumes all simulations are cosmological!
yt : [INFO     ] 2014-07-28 14:57:51,338 Parameters: current_time              = -1.25001028048e+17
yt : [INFO     ] 2014-07-28 14:57:51,338 Parameters: domain_dimensions         = [128 128 128]
yt : [INFO     ] 2014-07-28 14:57:51,339 Parameters: domain_left_edge          = [ 0.  0.  0.]
yt : [INFO     ] 2014-07-28 14:57:51,339 Parameters: domain_right_edge         = [ 1.  1.  1.]
yt : [INFO     ] 2014-07-28 14:57:51,340 Parameters: cosmological_simulation   = 1
yt : [INFO     ] 2014-07-28 14:57:51,340 Parameters: current_redshift          = 0.999896734946
yt : [INFO     ] 2014-07-28 14:57:51,340 Parameters: omega_lambda              = 0.721000015736
yt : [INFO     ] 2014-07-28 14:57:51,340 Parameters: omega_matter              = 0.279000014067
yt : [INFO     ] 2014-07-28 14:57:51,340 Parameters: hubble_constant           = 0.7
yt : [INFO     ] 2014-07-28 14:59:43,892 Loading field plugins.
yt : [INFO     ] 2014-07-28 14:59:43,895 Loaded angular_momentum (8 new fields)
yt : [INFO     ] 2014-07-28 14:59:43,895 Loaded astro (14 new fields)
yt : [INFO     ] 2014-07-28 14:59:43,895 Loaded cosmology (20 new fields)
yt : [INFO     ] 2014-07-28 14:59:43,896 Loaded fluid (54 new fields)
yt : [INFO     ] 2014-07-28 14:59:43,897 Loaded fluid_vector (86 new fields)
yt : [INFO     ] 2014-07-28 14:59:43,897 Loaded geometric (101 new fields)
yt : [INFO     ] 2014-07-28 14:59:43,897 Loaded local (101 new fields)
yt : [INFO     ] 2014-07-28 14:59:43,897 Loaded magnetic_field (107 new fields)
yt : [INFO     ] 2014-07-28 14:59:43,897 Loaded species (107 new fields)
loaded
0
1
2
3
4
5
6
7
8
9
10
11
12
13
14
15
16
17
18
19
20
21
22
23
24
25
26
27
28
29
30
31
32
33
34
35
36
37
38
39
40
41
42
43
44
45
46
47
48
49
50
51
52
53
54
55
56
57
58
59
60
61
62
63
64
65
66
67
68
69
70
71
72
73
74
75
76
77
78
79
80
81
82
83
84
85
86
87
88
89
90
91
92
93
94
95
96
97
98
99
100
101
102
103
104
105
106
107
108
109
110
111
112
113
114
115
116
117
118
119
120
121
122
123
124
125
126
127
128
129
130
131
132
133
134
135
136
137
138
139
140
141
142
143
144
145
146
147
148
149
150
151
152
153
154
155
156
157
158
159
160
161
162
163
164
165
166
167
168
169
170
171
172
173
174
175
176
177
178
179
180
181
182
183
184
185
186
187
188
189
190
191
192
193
194
195
196
197
198
199
200
201
202
203
204
205
206
207
208
209
210
211
212
213
214
215
216
217
218
219
220
221
222
223
224
225
226
227
228
229
230
231
232
233
234
235
236
237
238
239
240
241
242
243
244
245
246
247
248
249
250
251
252
253
254
255
256
257
258
259
260
261
262
263
264
265
266
267
268
269
270
271
272
273
274
275
276
277
278
279
280
281
282
283
284
285
286
287
288
289
290
291
292
293
294
295
296
297
298
299
300
301
302
303
304
305
306
307
308
309
310
311
312
313
314
315
316
317
318
319
320
321
322
323
324
325
326
327
328
329
330
331
332
333
334
335
336
337
338
339
340
341
342
343
344
345
346
347
348
349
350
351
352
353
354
355
356
357
358
359
360
361
362
363
364
365
366
367
368
369
370
371
372
373
374
375
376
377
378
379
380
381
382
383
384
385
386
387
388
389
390
391
392
393
394
395
396
397
398
399
400
401
402
403
404
405
406
407
408
409
410
411
412
413
414
415
416
417
418
419
420
421
422
423
424
425
426
427
428
429
430
431
432
433
434
435
436
437
438
439
440
441
442
443
444
445
446
447
448
449
450
451
452
453
454
455
456
457
458
459
460
461
462
463
464
465
466
467
468
469
470
471
472
473
474
475
476
477
478
479
480
481
482
483
484
485
486
487
488
489
490
491
492
493
494
495
496
497
498
499
500
501
502
503
504
505
506
507
508
509
510
511
512
513
514
515
516
517
518
519
520
521
522
523
524
525
526
527
528
529
530
531
532
533
534
535
536
537
538
539
540
541
542
543
544
545
546
547
548
549
550
551
552
553
554
555
556
557
558
559
560
561
562
563
564
565
566
567
568
569
570
571
572
573
574
575
576
577
578
579
580
581
582
583
584
585
586
587
588
589
590
591
592
593
594
595
596
597
598
599
600
601
602
603
604
605
606
607
608
609
610
611
612
613
614
615
616
617
618
619
620
621
622
623
624
625
626
627
628
629
630
631
632
633
634
635
636
637
638
639
640
641
642
643
loaded
646
647
648
649
650
651
652
653
654
655
656
657
658
659
660
661
662
663
664
665
666
667
668
669
670
671
672
673
674
675
676
677
678
679
680
681
682
683
